<?xml version="1.0" encoding="UTF-8"?>
<!-- Generated by org.testng.reporters.JUnitReportReporter -->
<testsuite hostname="DESKTOP-JVU625J" name="com.grid.OrangeHrmLoginGrid" tests="1" failures="0" timestamp="27 Mar 2016 06:44:44 GMT" time="18.846" errors="0">
  <testcase name="loginTest" time="18.846" classname="com.grid.OrangeHrmLoginGrid"/>
</testsuite> <!-- com.grid.OrangeHrmLoginGrid -->
