<?xml version="1.0" encoding="UTF-8"?>
<!-- Generated by org.testng.reporters.JUnitReportReporter -->
<testsuite hostname="DESKTOP-JVU625J" name="com.grid.Grid" tests="2" failures="0" timestamp="27 Mar 2016 06:51:14 GMT" time="40.271" errors="0">
  <testcase name="dropdownTest" time="16.975" classname="com.grid.Grid"/>
  <testcase name="dropdownTest" time="23.296" classname="com.grid.Grid"/>
</testsuite> <!-- com.grid.Grid -->
